\BOOKMARK [1][-]{section.1}{Abstract}{}% 1
\BOOKMARK [1][-]{section.2}{Introduction}{}% 2
\BOOKMARK [2][-]{subsection.2.1}{Research Question}{section.2}% 3
\BOOKMARK [2][-]{subsection.2.2}{Problem Constraints}{section.2}% 4
\BOOKMARK [2][-]{subsection.2.3}{Evaluation}{section.2}% 5
\BOOKMARK [2][-]{subsection.2.4}{Background}{section.2}% 6
\BOOKMARK [2][-]{subsection.2.5}{ESAL, KTH}{section.2}% 7
\BOOKMARK [1][-]{section.3}{\(}{}% 8
\BOOKMARK [2][-]{subsection.3.1}{\(}{section.3}% 9
\BOOKMARK [2][-]{subsection.3.2}{\(}{section.3}% 10
\BOOKMARK [2][-]{subsection.3.3}{\(}{section.3}% 11
\BOOKMARK [1][-]{section.4}{Evaluation of the quality of geodata}{}% 12
\BOOKMARK [2][-]{subsection.4.1}{The accuracy classes that will not be focused on}{section.4}% 13
\BOOKMARK [1][-]{section.5}{Dataset quality evaluation}{}% 14
\BOOKMARK [2][-]{subsection.5.1}{Assesment of dataset completeness}{section.5}% 15
\BOOKMARK [2][-]{subsection.5.2}{Building correspondence}{section.5}% 16
\BOOKMARK [2][-]{subsection.5.3}{Turning function definition}{section.5}% 17
\BOOKMARK [2][-]{subsection.5.4}{Correspondence by building area}{section.5}% 18
\BOOKMARK [2][-]{subsection.5.5}{Closest point and point proximity}{section.5}% 19
\BOOKMARK [1][-]{section.6}{Implementation}{}% 20
